<?xml version="1.0" encoding="UTF-8" ?>
<testsuite tests="1" failures="1" name="Testic" time="4.075" errors="0" skipped="0">
    <properties>
[...]
</properties>
    <testcase classname="Testic" name="testWebsite" time="4.075">
        <failure
                message="expected:&lt;5 Balloons [| Jack of many web trade]s&gt; but was:&lt;5 Balloons [– Laravel, PHP, Spring, Technical Solutions and Tutorial]s&gt;"
                type="org.junit.ComparisonFailure">org.junit.ComparisonFailure: expected:&lt;5 Balloons [| Jack of many
            web trade]s&gt; but was:&lt;5 Balloons [– Laravel, PHP, Spring, Technical Solutions and Tutorial]s&gt;
            at org.junit.Assert.assertEquals(Assert.java:115)
            at org.junit.Assert.assertEquals(Assert.java:144)
            at Testic.testWebsite(Testic.java:26)
            at sun.reflect.NativeMethodAccessorImpl.invoke0(Native Method)
            at sun.reflect.NativeMethodAccessorImpl.invoke(NativeMethodAccessorImpl.java:62)
            at sun.reflect.DelegatingMethodAccessorImpl.invoke(DelegatingMethodAccessorImpl.java:43)
            at java.lang.reflect.Method.invoke(Method.java:498)
            at org.junit.runners.model.FrameworkMethod$1.runReflectiveCall(FrameworkMethod.java:47)
            at org.junit.internal.runners.model.ReflectiveCallable.run(ReflectiveCallable.java:12)
            at org.junit.runners.model.FrameworkMethod.invokeExplosively(FrameworkMethod.java:44)
            at org.junit.internal.runners.statements.InvokeMethod.evaluate(InvokeMethod.java:17)
            at org.junit.runners.ParentRunner.runLeaf(ParentRunner.java:271)
            at org.junit.runners.BlockJUnit4ClassRunner.runChild(BlockJUnit4ClassRunner.java:70)
            at org.junit.runners.BlockJUnit4ClassRunner.runChild(BlockJUnit4ClassRunner.java:50)
            at org.junit.runners.ParentRunner$3.run(ParentRunner.java:238)
            at org.junit.runners.ParentRunner$1.schedule(ParentRunner.java:63)
            at org.junit.runners.ParentRunner.runChildren(ParentRunner.java:236)
            at org.junit.runners.ParentRunner.access$000(ParentRunner.java:53)
            at org.junit.runners.ParentRunner$2.evaluate(ParentRunner.java:229)
            at org.junit.internal.runners.statements.RunBefores.evaluate(RunBefores.java:26)
            at org.junit.internal.runners.statements.RunAfters.evaluate(RunAfters.java:27)
            at org.junit.runners.ParentRunner.run(ParentRunner.java:309)
            at org.apache.maven.surefire.junit4.JUnit4Provider.execute(JUnit4Provider.java:252)
            at org.apache.maven.surefire.junit4.JUnit4Provider.executeTestSet(JUnit4Provider.java:141)
            at org.apache.maven.surefire.junit4.JUnit4Provider.invoke(JUnit4Provider.java:112)
            at sun.reflect.NativeMethodAccessorImpl.invoke0(Native Method)
            at sun.reflect.NativeMethodAccessorImpl.invoke(NativeMethodAccessorImpl.java:62)
            at sun.reflect.DelegatingMethodAccessorImpl.invoke(DelegatingMethodAccessorImpl.java:43)
            at java.lang.reflect.Method.invoke(Method.java:498)
            at org.apache.maven.surefire.util.ReflectionUtils.invokeMethodWithArray(ReflectionUtils.java:189)
            at org.apache.maven.surefire.booter.ProviderFactory$ProviderProxy.invoke(ProviderFactory.java:165)
            at org.apache.maven.surefire.booter.ProviderFactory.invokeProvider(ProviderFactory.java:85)
            at org.apache.maven.surefire.booter.ForkedBooter.runSuitesInProcess(ForkedBooter.java:115)
            at org.apache.maven.surefire.booter.ForkedBooter.main(ForkedBooter.java:75)
        </failure>
        <system-out>Starting test testWebsite
        </system-out>
        <system-err>Starting ChromeDriver 76.0.3809.68
            (420c9498db8ce8fcd190a954d51297672c1515d5-refs/branch-heads/3809@{#864}) on port 19702
            Only local connections are allowed.
            Please protect ports used by ChromeDriver and related test frameworks to prevent access by malicious code.
            [1571997858.701][WARNING]: This version of ChromeDriver has not been tested with Chrome version 77.
            [1571997858.753][WARNING]: This version of ChromeDriver has not been tested with Chrome version 77.
            окт 25, 2019 1:04:18 PM org.openqa.selenium.remote.ProtocolHandshake createSession
            INFO: Detected dialect: W3C
        </system-err>
    </testcase>
</testsuite>